{"level":"info","ts":"2022-11-29T10:04:45.796+0800","caller":"server/server.go:75","msg":"Shutdown Server ..."}
{"level":"info","ts":"2022-11-29T10:04:45.797+0800","caller":"server/server.go:81","msg":"Server exiting ..."}
{"level":"info","ts":"2022-11-29T10:09:21.508+0800","caller":"server/server.go:51","msg":"server start successful ..."}
{"level":"info","ts":"2022-11-29T10:11:21.771+0800","caller":"server/server.go:75","msg":"Shutdown Server ..."}
{"level":"info","ts":"2022-11-29T10:11:21.772+0800","caller":"server/server.go:81","msg":"Server exiting ..."}
{"level":"INFO","ts":"2022-11-29T10:11:28.723+0800","caller":"server/server.go:65","msg":"http server address :7707"}
{"level":"INFO","ts":"2022-11-29T10:11:28.749+0800","caller":"server/server.go:51","msg":"server start successful ..."}
{"level":"INFO","ts":"2022-11-29T11:43:53.189+0800","caller":"server/server.go:75","msg":"Shutdown Server ..."}
{"level":"INFO","ts":"2022-11-29T11:43:53.190+0800","caller":"server/server.go:81","msg":"Server exiting ..."}
{"level":"INFO","ts":"2022-11-29T11:44:00.339+0800","caller":"server/server.go:65","msg":"http server address :7707"}
{"level":"INFO","ts":"2022-11-29T11:44:00.367+0800","caller":"server/server.go:51","msg":"server start successful ..."}
{"level":"INFO","ts":"2022-11-29T11:44:52.042+0800","caller":"server/server.go:75","msg":"Shutdown Server ..."}
{"level":"INFO","ts":"2022-11-29T11:44:52.042+0800","caller":"server/server.go:81","msg":"Server exiting ..."}
{"level":"INFO","ts":"2022-11-29T11:44:58.321+0800","caller":"server/server.go:65","msg":"http server address :7707"}
{"level":"INFO","ts":"2022-11-29T11:44:58.349+0800","caller":"server/server.go:51","msg":"server start successful ..."}
{"level":"INFO","ts":"2022-11-29T11:45:39.484+0800","caller":"server/server.go:75","msg":"Shutdown Server ..."}
{"level":"INFO","ts":"2022-11-29T11:45:39.484+0800","caller":"server/server.go:81","msg":"Server exiting ..."}
{"level":"INFO","ts":"2022-11-29T11:45:45.961+0800","caller":"server/server.go:65","msg":"http server address :7707"}
{"level":"INFO","ts":"2022-11-29T11:45:45.991+0800","caller":"server/server.go:51","msg":"server start successful ..."}
{"level":"INFO","ts":"2022-11-29T11:46:09.022+0800","caller":"server/server.go:75","msg":"Shutdown Server ..."}
{"level":"INFO","ts":"2022-11-29T11:46:09.023+0800","caller":"server/server.go:81","msg":"Server exiting ..."}
{"level":"INFO","ts":"2022-11-29T11:46:15.274+0800","caller":"server/server.go:65","msg":"http server address :7707"}
{"level":"INFO","ts":"2022-11-29T11:46:15.302+0800","caller":"server/server.go:51","msg":"server start successful ..."}
{"level":"INFO","ts":"2022-11-29T11:48:08.789+0800","caller":"server/server.go:75","msg":"Shutdown Server ..."}
{"level":"INFO","ts":"2022-11-29T11:48:08.790+0800","caller":"server/server.go:81","msg":"Server exiting ..."}
{"level":"INFO","ts":"2022-11-29T11:48:15.278+0800","caller":"server/server.go:65","msg":"http server address :7707"}
{"level":"INFO","ts":"2022-11-29T11:48:15.305+0800","caller":"server/server.go:51","msg":"server start successful ..."}
{"level":"ERROR","ts":"2022-11-29T12:33:25.325+0800","caller":"crontab/crontab.go:25","msg":"Post \"https://login.microsoftonline.com/organizations/oauth2/v2.0/token\": net/http: TLS handshake timeout: 授权失败"}
{"level":"INFO","ts":"2022-11-29T13:09:57.139+0800","caller":"server/server.go:75","msg":"Shutdown Server ..."}
{"level":"INFO","ts":"2022-11-29T13:09:57.139+0800","caller":"server/server.go:81","msg":"Server exiting ..."}
{"level":"INFO","ts":"2022-11-29T13:10:05.716+0800","caller":"server/server.go:65","msg":"http server address :7707"}
{"level":"INFO","ts":"2022-11-29T13:10:05.745+0800","caller":"server/server.go:51","msg":"server start successful ..."}
{"level":"INFO","ts":"2022-11-29T13:16:17.212+0800","caller":"server/server.go:75","msg":"Shutdown Server ..."}
{"level":"INFO","ts":"2022-11-29T13:16:17.212+0800","caller":"server/server.go:81","msg":"Server exiting ..."}
{"level":"INFO","ts":"2022-11-29T13:16:24.262+0800","caller":"server/server.go:65","msg":"http server address :7707"}
{"level":"INFO","ts":"2022-11-29T13:16:24.290+0800","caller":"server/server.go:51","msg":"server start successful ..."}
{"level":"INFO","ts":"2022-11-29T13:17:00.079+0800","caller":"server/server.go:75","msg":"Shutdown Server ..."}
{"level":"INFO","ts":"2022-11-29T13:17:00.079+0800","caller":"server/server.go:81","msg":"Server exiting ..."}
{"level":"INFO","ts":"2022-11-29T13:17:07.337+0800","caller":"server/server.go:65","msg":"http server address :7707"}
{"level":"INFO","ts":"2022-11-29T13:17:07.365+0800","caller":"server/server.go:51","msg":"server start successful ..."}
{"level":"INFO","ts":"2022-11-29T15:40:26.720+0800","caller":"server/server.go:75","msg":"Shutdown Server ..."}
{"level":"INFO","ts":"2022-11-29T15:40:26.720+0800","caller":"server/server.go:81","msg":"Server exiting ..."}
{"level":"INFO","ts":"2022-11-29T15:40:31.147+0800","caller":"server/server.go:65","msg":"http server address :7707"}
{"level":"INFO","ts":"2022-11-29T15:40:31.181+0800","caller":"server/server.go:51","msg":"server start successful ..."}
{"level":"ERROR","ts":"2022-11-30T08:30:07.845+0800","caller":"crontab/crontab.go:25","msg":"Post \"https://login.microsoftonline.com/organizations/oauth2/v2.0/token\": dial tcp: lookup login.microsoftonline.com: no such host: 授权失败"}
{"level":"INFO","ts":"2022-11-30T08:31:22.893+0800","caller":"server/server.go:75","msg":"Shutdown Server ..."}
{"level":"INFO","ts":"2022-11-30T08:31:22.893+0800","caller":"server/server.go:81","msg":"Server exiting ..."}
{"level":"INFO","ts":"2022-11-30T08:31:30.568+0800","caller":"server/server.go:65","msg":"http server address :7707"}
{"level":"INFO","ts":"2022-11-30T08:31:30.569+0800","caller":"server/server.go:51","msg":"server start successful ..."}
